[debug] [2020-02-16T04:36:08.208Z] ----------------------------------------------------------------------
[debug] [2020-02-16T04:36:08.210Z] Command:       /Users/capeknote/.nvm/versions/node/v12.13.0/bin/node /Users/capeknote/develop/Kanban/Kanban-tool/node_modules/.bin/firebase serve --only firestore
[debug] [2020-02-16T04:36:08.210Z] CLI Version:   7.13.0
[debug] [2020-02-16T04:36:08.210Z] Platform:      darwin
[debug] [2020-02-16T04:36:08.210Z] Node Version:  v12.13.0
[debug] [2020-02-16T04:36:08.211Z] Time:          Sun Feb 16 2020 13:36:08 GMT+0900 (GMT+09:00)
[debug] [2020-02-16T04:36:08.211Z] ----------------------------------------------------------------------
[debug] [2020-02-16T04:36:08.211Z] 
[info] i  firestore: Serving ALL traffic (including WebChannel) on http://localhost:8080
[warn] ⚠  firestore: Support for WebChannel on a separate port (8081) is DEPRECATED and will go away soon. Please use port above instead.
[debug] [2020-02-16T04:36:08.238Z] Starting emulator firestore with command {"binary":"java","args":["-Duser.language=en","-jar","/Users/capeknote/.cache/firebase/emulators/cloud-firestore-emulator-v1.10.4.jar","--webchannel_port",8081,"--port",8080],"optionalArgs":["port","webchannel_port","host","rules","functions_emulator"],"joinArgs":false}
[info] i  firestore: Emulator logging to firestore-debug.log
[debug] [2020-02-16T04:36:10.542Z] API endpoint: http://
[debug] [2020-02-16T04:36:10.542Z] localhost:8080
If you are using a library that supports the FIRESTORE_EMULATOR_HOST environment variable, run:

   export FIRESTORE_EMULATOR_HOST=localhost:8080

Dev App Server is now running.


[info] ✔  firestore: Emulator started at http://localhost:8080
[debug] [2020-02-16T04:36:16.155Z] Feb 16, 2020 1:36:16 PM io.gapi.emulators.netty.HttpVersionRoutingHandler channelRead
INFO: Detected non-HTTP/2 connection.

